densenet100_k12_bc_cifar10
densenet100_k12_cifar10
densenet100_k24_cifar10
densenet190_k40_bc_cifar10
densenet250_k24_bc_cifar10
densenet40_k12_bc_cifar10
densenet40_k12_cifar10
densenet40_k24_bc_cifar10
densenet40_k36_bc_cifar10
diapreresnet110_cifar10
diapreresnet164bn_cifar10
diapreresnet20_cifar10
diapreresnet56_cifar10
diaresnet110_cifar10
diaresnet164bn_cifar10
diaresnet20_cifar10
diaresnet56_cifar10
nin_cifar10
preresnet1001_cifar10
preresnet110_cifar10
preresnet1202_cifar10
preresnet164bn_cifar10
preresnet20_cifar10
preresnet272bn_cifar10
preresnet542bn_cifar10
preresnet56_cifar10
pyramidnet110_a270_cifar10
pyramidnet110_a48_cifar10
pyramidnet110_a84_cifar10
pyramidnet164_a270_bn_cifar10
pyramidnet200_a240_bn_cifar10
pyramidnet236_a220_bn_cifar10
pyramidnet272_a200_bn_cifar10
resnet1001_cifar10
resnet110_cifar10
resnet1202_cifar10
resnet164bn_cifar10
resnet20_cifar10
resnet272bn_cifar10
resnet542bn_cifar10
resnet56_cifar10
resnext272_1x64d_cifar10
resnext272_2x32d_cifar10
resnext29_16x64d_cifar10
resnext29_32x4d_cifar10
rir_cifar10
ror3_110_cifar10
ror3_164_cifar10
ror3_56_cifar10
sepreresnet110_cifar10
sepreresnet164bn_cifar10
sepreresnet20_cifar10
sepreresnet272bn_cifar10
sepreresnet542bn_cifar10
sepreresnet56_cifar10
seresnet110_cifar10
seresnet164bn_cifar10
seresnet20_cifar10
seresnet272bn_cifar10
seresnet542bn_cifar10
seresnet56_cifar10
shakeshakeresnet20_2x16d_cifar10
shakeshakeresnet26_2x32d_cifar10
wrn16_10_cifar10
wrn20_10_1bit_cifar10
wrn20_10_32bit_cifar10
wrn28_10_cifar10
wrn40_8_cifar10
xdensenet40_2_k24_bc_cifar10
xdensenet40_2_k36_bc_cifar10
